{"uuid":"e2348c57-d55a-4ebc-b2ce-b0d2ad42bee8","historyId":"f788c396f8135f3c5b931f6694e1d6b9","testCaseId":"cf7e28631007ab528c5358cfdb78c2d1","fullName":"src/test/resources/features/LinkedList.feature:97","labels":[{"name":"host","value":"Poojas-MBP.lan"},{"name":"thread","value":"1430@Poojas-MBP.lan.main(1)"},{"name":"feature","value":"LinkedList"},{"name":"story","value":"The user tries to run any Linked List editor without code"},{"name":"suite","value":"LinkedList"},{"name":"testClass","value":"The user tries to run any Linked List editor without code"},{"name":"framework","value":"cucumber4jvm"},{"name":"language","value":"java"},{"name":"gherkin_uri","value":"file:///Users/pooja_giri/Desktop/New_Workspace/DSAlgoTechieExplorers/DSAlgo_BDD/src/test/resources/features/LinkedList.feature"},{"name":"package","value":"src.test.resources.features.LinkedList_feature.LinkedList"}],"links":[],"name":"The user tries to run any Linked List editor without code","status":"broken","statusDetails":{"known":false,"muted":false,"flaky":false,"message":"no such element: Unable to locate element: {\"method\":\"xpath\",\"selector\":\"//*[@id=\"answer_form\"]/button\"}\n  (Session info: chrome=129.0.6668.101)\nFor documentation on this error, please visit: https://selenium.dev/exceptions/#no_such_element\nBuild info: version: '4.9.0', revision: 'd7057100a6'\nSystem info: os.name: 'Mac OS X', os.arch: 'x86_64', os.version: '12.4', java.version: '22.0.2'\nDriver info: org.openqa.selenium.chrome.ChromeDriver\nCommand: [1765adb9ceb34d1c85779c9fb6c7a672, findElement {using=xpath, value=//*[@id=\"answer_form\"]/button}]\nCapabilities {acceptInsecureCerts: false, browserName: chrome, browserVersion: 129.0.6668.101, chrome: {chromedriverVersion: 129.0.6668.100 (cf58cba358d..., userDataDir: /var/folders/mq/m75jxk_93j5...}, fedcm:accounts: true, goog:chromeOptions: {debuggerAddress: localhost:50182}, networkConnectionEnabled: false, pageLoadStrategy: normal, platformName: MAC, proxy: Proxy(), se:cdp: ws://localhost:50182/devtoo..., se:cdpVersion: 129.0.6668.101, setWindowRect: true, strictFileInteractability: false, timeouts: {implicit: 0, pageLoad: 300000, script: 30000}, unhandledPromptBehavior: dismiss and notify, webauthn:extension:credBlob: true, webauthn:extension:largeBlob: true, webauthn:extension:minPinLength: true, webauthn:extension:prf: true, webauthn:virtualAuthenticators: true}\nSession ID: 1765adb9ceb34d1c85779c9fb6c7a672","trace":"org.openqa.selenium.NoSuchElementException: no such element: Unable to locate element: {\"method\":\"xpath\",\"selector\":\"//*[@id=\"answer_form\"]/button\"}\n  (Session info: chrome=129.0.6668.101)\nFor documentation on this error, please visit: https://selenium.dev/exceptions/#no_such_element\nBuild info: version: '4.9.0', revision: 'd7057100a6'\nSystem info: os.name: 'Mac OS X', os.arch: 'x86_64', os.version: '12.4', java.version: '22.0.2'\nDriver info: org.openqa.selenium.chrome.ChromeDriver\nCommand: [1765adb9ceb34d1c85779c9fb6c7a672, findElement {using=xpath, value=//*[@id=\"answer_form\"]/button}]\nCapabilities {acceptInsecureCerts: false, browserName: chrome, browserVersion: 129.0.6668.101, chrome: {chromedriverVersion: 129.0.6668.100 (cf58cba358d..., userDataDir: /var/folders/mq/m75jxk_93j5...}, fedcm:accounts: true, goog:chromeOptions: {debuggerAddress: localhost:50182}, networkConnectionEnabled: false, pageLoadStrategy: normal, platformName: MAC, proxy: Proxy(), se:cdp: ws://localhost:50182/devtoo..., se:cdpVersion: 129.0.6668.101, setWindowRect: true, strictFileInteractability: false, timeouts: {implicit: 0, pageLoad: 300000, script: 30000}, unhandledPromptBehavior: dismiss and notify, webauthn:extension:credBlob: true, webauthn:extension:largeBlob: true, webauthn:extension:minPinLength: true, webauthn:extension:prf: true, webauthn:virtualAuthenticators: true}\nSession ID: 1765adb9ceb34d1c85779c9fb6c7a672\n\tat java.base/jdk.internal.reflect.DirectConstructorHandleAccessor.newInstance(DirectConstructorHandleAccessor.java:62)\n\tat java.base/java.lang.reflect.Constructor.newInstanceWithCaller(Constructor.java:502)\n\tat java.base/java.lang.reflect.Constructor.newInstance(Constructor.java:486)\n\tat org.openqa.selenium.remote.codec.w3c.W3CHttpResponseCodec.createException(W3CHttpResponseCodec.java:200)\n\tat org.openqa.selenium.remote.codec.w3c.W3CHttpResponseCodec.decode(W3CHttpResponseCodec.java:133)\n\tat org.openqa.selenium.remote.codec.w3c.W3CHttpResponseCodec.decode(W3CHttpResponseCodec.java:53)\n\tat org.openqa.selenium.remote.HttpCommandExecutor.execute(HttpCommandExecutor.java:193)\n\tat org.openqa.selenium.remote.service.DriverCommandExecutor.invokeExecute(DriverCommandExecutor.java:183)\n\tat org.openqa.selenium.remote.service.DriverCommandExecutor.execute(DriverCommandExecutor.java:158)\n\tat org.openqa.selenium.remote.RemoteWebDriver.execute(RemoteWebDriver.java:543)\n\tat org.openqa.selenium.remote.ElementLocation$ElementFinder$2.findElement(ElementLocation.java:162)\n\tat org.openqa.selenium.remote.ElementLocation.findElement(ElementLocation.java:60)\n\tat org.openqa.selenium.remote.RemoteWebDriver.findElement(RemoteWebDriver.java:352)\n\tat org.openqa.selenium.remote.RemoteWebDriver.findElement(RemoteWebDriver.java:344)\n\tat org.openqa.selenium.support.pagefactory.DefaultElementLocator.findElement(DefaultElementLocator.java:70)\n\tat org.openqa.selenium.support.pagefactory.internal.LocatingElementHandler.invoke(LocatingElementHandler.java:39)\n\tat jdk.proxy2/jdk.proxy2.$Proxy42.click(Unknown Source)\n\tat numpyninja.dsalgo.pageObjects.Graph.clickRun(Graph.java:76)\n\tat numpyninja.dsalgo.stepDefinitions.GraphStepDefinition.the_user_click_Run_button(GraphStepDefinition.java:125)\n\tat âœ½.The user click Run Button(file:///Users/pooja_giri/Desktop/New_Workspace/DSAlgoTechieExplorers/DSAlgo_BDD/src/test/resources/features/LinkedList.feature:90)\n"},"stage":"finished","steps":[{"name":"Given The user is on DS Home Page with logged in","status":"passed","statusDetails":{"known":false,"muted":false,"flaky":false},"stage":"finished","steps":[],"attachments":[],"parameters":[],"start":1729309678762,"stop":1729309679786},{"name":"numpyninja.dsalgo.stepDefinitions.Hooks.attachScreenshot(io.cucumber.java.Scenario)","status":"passed","statusDetails":{"known":false,"muted":false,"flaky":false},"stage":"finished","steps":[],"attachments":[],"parameters":[],"start":1729309679787,"stop":1729309679787},{"name":"Given The user is on any LL <\"type\"> Python Editor","status":"passed","statusDetails":{"known":false,"muted":false,"flaky":false},"stage":"finished","steps":[],"attachments":[],"parameters":[],"start":1729309679788,"stop":1729309679789},{"name":"numpyninja.dsalgo.stepDefinitions.Hooks.attachScreenshot(io.cucumber.java.Scenario)","status":"passed","statusDetails":{"known":false,"muted":false,"flaky":false},"stage":"finished","steps":[],"attachments":[],"parameters":[],"start":1729309679790,"stop":1729309679790},{"name":"When The user click Run Button","status":"broken","statusDetails":{"known":false,"muted":false,"flaky":false,"message":"no such element: Unable to locate element: {\"method\":\"xpath\",\"selector\":\"//*[@id=\"answer_form\"]/button\"}\n  (Session info: chrome=129.0.6668.101)\nFor documentation on this error, please visit: https://selenium.dev/exceptions/#no_such_element\nBuild info: version: '4.9.0', revision: 'd7057100a6'\nSystem info: os.name: 'Mac OS X', os.arch: 'x86_64', os.version: '12.4', java.version: '22.0.2'\nDriver info: org.openqa.selenium.chrome.ChromeDriver\nCommand: [1765adb9ceb34d1c85779c9fb6c7a672, findElement {using=xpath, value=//*[@id=\"answer_form\"]/button}]\nCapabilities {acceptInsecureCerts: false, browserName: chrome, browserVersion: 129.0.6668.101, chrome: {chromedriverVersion: 129.0.6668.100 (cf58cba358d..., userDataDir: /var/folders/mq/m75jxk_93j5...}, fedcm:accounts: true, goog:chromeOptions: {debuggerAddress: localhost:50182}, networkConnectionEnabled: false, pageLoadStrategy: normal, platformName: MAC, proxy: Proxy(), se:cdp: ws://localhost:50182/devtoo..., se:cdpVersion: 129.0.6668.101, setWindowRect: true, strictFileInteractability: false, timeouts: {implicit: 0, pageLoad: 300000, script: 30000}, unhandledPromptBehavior: dismiss and notify, webauthn:extension:credBlob: true, webauthn:extension:largeBlob: true, webauthn:extension:minPinLength: true, webauthn:extension:prf: true, webauthn:virtualAuthenticators: true}\nSession ID: 1765adb9ceb34d1c85779c9fb6c7a672","trace":"org.openqa.selenium.NoSuchElementException: no such element: Unable to locate element: {\"method\":\"xpath\",\"selector\":\"//*[@id=\"answer_form\"]/button\"}\n  (Session info: chrome=129.0.6668.101)\nFor documentation on this error, please visit: https://selenium.dev/exceptions/#no_such_element\nBuild info: version: '4.9.0', revision: 'd7057100a6'\nSystem info: os.name: 'Mac OS X', os.arch: 'x86_64', os.version: '12.4', java.version: '22.0.2'\nDriver info: org.openqa.selenium.chrome.ChromeDriver\nCommand: [1765adb9ceb34d1c85779c9fb6c7a672, findElement {using=xpath, value=//*[@id=\"answer_form\"]/button}]\nCapabilities {acceptInsecureCerts: false, browserName: chrome, browserVersion: 129.0.6668.101, chrome: {chromedriverVersion: 129.0.6668.100 (cf58cba358d..., userDataDir: /var/folders/mq/m75jxk_93j5...}, fedcm:accounts: true, goog:chromeOptions: {debuggerAddress: localhost:50182}, networkConnectionEnabled: false, pageLoadStrategy: normal, platformName: MAC, proxy: Proxy(), se:cdp: ws://localhost:50182/devtoo..., se:cdpVersion: 129.0.6668.101, setWindowRect: true, strictFileInteractability: false, timeouts: {implicit: 0, pageLoad: 300000, script: 30000}, unhandledPromptBehavior: dismiss and notify, webauthn:extension:credBlob: true, webauthn:extension:largeBlob: true, webauthn:extension:minPinLength: true, webauthn:extension:prf: true, webauthn:virtualAuthenticators: true}\nSession ID: 1765adb9ceb34d1c85779c9fb6c7a672\n\tat java.base/jdk.internal.reflect.DirectConstructorHandleAccessor.newInstance(DirectConstructorHandleAccessor.java:62)\n\tat java.base/java.lang.reflect.Constructor.newInstanceWithCaller(Constructor.java:502)\n\tat java.base/java.lang.reflect.Constructor.newInstance(Constructor.java:486)\n\tat org.openqa.selenium.remote.codec.w3c.W3CHttpResponseCodec.createException(W3CHttpResponseCodec.java:200)\n\tat org.openqa.selenium.remote.codec.w3c.W3CHttpResponseCodec.decode(W3CHttpResponseCodec.java:133)\n\tat org.openqa.selenium.remote.codec.w3c.W3CHttpResponseCodec.decode(W3CHttpResponseCodec.java:53)\n\tat org.openqa.selenium.remote.HttpCommandExecutor.execute(HttpCommandExecutor.java:193)\n\tat org.openqa.selenium.remote.service.DriverCommandExecutor.invokeExecute(DriverCommandExecutor.java:183)\n\tat org.openqa.selenium.remote.service.DriverCommandExecutor.execute(DriverCommandExecutor.java:158)\n\tat org.openqa.selenium.remote.RemoteWebDriver.execute(RemoteWebDriver.java:543)\n\tat org.openqa.selenium.remote.ElementLocation$ElementFinder$2.findElement(ElementLocation.java:162)\n\tat org.openqa.selenium.remote.ElementLocation.findElement(ElementLocation.java:60)\n\tat org.openqa.selenium.remote.RemoteWebDriver.findElement(RemoteWebDriver.java:352)\n\tat org.openqa.selenium.remote.RemoteWebDriver.findElement(RemoteWebDriver.java:344)\n\tat org.openqa.selenium.support.pagefactory.DefaultElementLocator.findElement(DefaultElementLocator.java:70)\n\tat org.openqa.selenium.support.pagefactory.internal.LocatingElementHandler.invoke(LocatingElementHandler.java:39)\n\tat jdk.proxy2/jdk.proxy2.$Proxy42.click(Unknown Source)\n\tat numpyninja.dsalgo.pageObjects.Graph.clickRun(Graph.java:76)\n\tat numpyninja.dsalgo.stepDefinitions.GraphStepDefinition.the_user_click_Run_button(GraphStepDefinition.java:125)\n\tat âœ½.The user click Run Button(file:///Users/pooja_giri/Desktop/New_Workspace/DSAlgoTechieExplorers/DSAlgo_BDD/src/test/resources/features/LinkedList.feature:90)\n"},"stage":"finished","steps":[],"attachments":[],"parameters":[],"start":1729309679790,"stop":1729309699857},{"name":"numpyninja.dsalgo.stepDefinitions.Hooks.attachScreenshot(io.cucumber.java.Scenario)","status":"passed","statusDetails":{"known":false,"muted":false,"flaky":false},"stage":"finished","steps":[],"attachments":[{"name":"error screen","source":"fe5ffbdc-260e-4ca2-bb53-fa06080b442b-attachment","type":"image/png"}],"parameters":[],"start":1729309699859,"stop":1729309700081},{"name":"Then The user should see an error message displayed","status":"skipped","statusDetails":{"known":false,"muted":false,"flaky":false},"stage":"finished","steps":[],"attachments":[],"parameters":[],"start":1729309700081,"stop":1729309700082},{"name":"numpyninja.dsalgo.stepDefinitions.Hooks.attachScreenshot(io.cucumber.java.Scenario)","status":"skipped","statusDetails":{"known":false,"muted":false,"flaky":false},"stage":"finished","steps":[],"attachments":[],"parameters":[],"start":1729309700082,"stop":1729309700082}],"attachments":[],"parameters":[{"name":"type","value":"Types of Linked List"}],"start":1729309677451,"stop":1729309700197}